09:50:27 [INFO] Guessed window scale factor: 1
09:50:27 [DEBUG] (1) winit::platform_impl::platform::x11::window: Calculated physical dimensions: 800x600
09:50:27 [INFO] Created window
09:50:27 [DEBUG] (1) SpaceSandbox::debug_layer: [general] "Searching for layer manifest files"
09:50:27 [DEBUG] (1) SpaceSandbox::debug_layer: [general] "   In following folders:"
09:50:27 [DEBUG] (1) SpaceSandbox::debug_layer: [general] "      /home/rewin/.config/vulkan/implicit_layer.d"
09:50:27 [DEBUG] (1) SpaceSandbox::debug_layer: [general] "      /etc/xdg/vulkan/implicit_layer.d"
09:50:27 [DEBUG] (1) SpaceSandbox::debug_layer: [general] "      /etc/vulkan/implicit_layer.d"
09:50:27 [DEBUG] (1) SpaceSandbox::debug_layer: [general] "      /home/rewin/.local/share/vulkan/implicit_layer.d"
09:50:27 [DEBUG] (1) SpaceSandbox::debug_layer: [general] "      /usr/local/share/vulkan/implicit_layer.d"
09:50:27 [DEBUG] (1) SpaceSandbox::debug_layer: [general] "      /usr/share/vulkan/implicit_layer.d"
09:50:27 [DEBUG] (1) SpaceSandbox::debug_layer: [general] "   Found the following files:"
09:50:27 [DEBUG] (1) SpaceSandbox::debug_layer: [general] "      /etc/vulkan/implicit_layer.d/renderdoc_capture.json"
09:50:27 [DEBUG] (1) SpaceSandbox::debug_layer: [general] "      /usr/share/vulkan/implicit_layer.d/nvidia_layers.json"
09:50:27 [DEBUG] (1) SpaceSandbox::debug_layer: [general] "Found manifest file /etc/vulkan/implicit_layer.d/renderdoc_capture.json (file version \"1.1.2\")"
09:50:27 [DEBUG] (1) SpaceSandbox::debug_layer: [general] "Layer \"VK_LAYER_RENDERDOC_Capture\" using deprecated \'vkGetInstanceProcAddr\' tag which was deprecated starting with JSON file version 1.1.0. The new vkNegotiateLoaderLayerInterfaceVersion function is preferred, though for compatibility reasons it may be desirable to continue using the deprecated tag."
09:50:27 [DEBUG] (1) SpaceSandbox::debug_layer: [general] "Layer \"VK_LAYER_RENDERDOC_Capture\" using deprecated \'vkGetDeviceProcAddr\' tag which was deprecated starting with JSON file version 1.1.0. The new vkNegotiateLoaderLayerInterfaceVersion function is preferred, though for compatibility reasons it may be desirable to continue using the deprecated tag."
09:50:27 [DEBUG] (1) SpaceSandbox::debug_layer: [general] "Found manifest file /usr/share/vulkan/implicit_layer.d/nvidia_layers.json (file version \"1.0.0\")"
09:50:27 [DEBUG] (1) SpaceSandbox::debug_layer: [general] "Searching for layer manifest files"
09:50:27 [DEBUG] (1) SpaceSandbox::debug_layer: [general] "   In following folders:"
09:50:27 [DEBUG] (1) SpaceSandbox::debug_layer: [general] "      /home/rewin/.config/vulkan/explicit_layer.d"
09:50:27 [DEBUG] (1) SpaceSandbox::debug_layer: [general] "      /etc/xdg/vulkan/explicit_layer.d"
09:50:27 [DEBUG] (1) SpaceSandbox::debug_layer: [general] "      /etc/vulkan/explicit_layer.d"
09:50:27 [DEBUG] (1) SpaceSandbox::debug_layer: [general] "      /home/rewin/.local/share/vulkan/explicit_layer.d"
09:50:27 [DEBUG] (1) SpaceSandbox::debug_layer: [general] "      /usr/local/share/vulkan/explicit_layer.d"
09:50:27 [DEBUG] (1) SpaceSandbox::debug_layer: [general] "      /usr/share/vulkan/explicit_layer.d"
09:50:27 [DEBUG] (1) SpaceSandbox::debug_layer: [general] "   Found the following files:"
09:50:27 [DEBUG] (1) SpaceSandbox::debug_layer: [general] "      /usr/share/vulkan/explicit_layer.d/VkLayer_khronos_validation.json"
09:50:27 [DEBUG] (1) SpaceSandbox::debug_layer: [general] "Found manifest file /usr/share/vulkan/explicit_layer.d/VkLayer_khronos_validation.json (file version \"1.2.0\")"
09:50:27 [DEBUG] (1) SpaceSandbox::debug_layer: [general] "Searching for driver manifest files"
09:50:27 [DEBUG] (1) SpaceSandbox::debug_layer: [general] "   In following folders:"
09:50:27 [DEBUG] (1) SpaceSandbox::debug_layer: [general] "      /home/rewin/.config/vulkan/icd.d"
09:50:27 [DEBUG] (1) SpaceSandbox::debug_layer: [general] "      /etc/xdg/vulkan/icd.d"
09:50:27 [DEBUG] (1) SpaceSandbox::debug_layer: [general] "      /etc/vulkan/icd.d"
09:50:27 [DEBUG] (1) SpaceSandbox::debug_layer: [general] "      /home/rewin/.local/share/vulkan/icd.d"
09:50:27 [DEBUG] (1) SpaceSandbox::debug_layer: [general] "      /usr/local/share/vulkan/icd.d"
09:50:27 [DEBUG] (1) SpaceSandbox::debug_layer: [general] "      /usr/share/vulkan/icd.d"
09:50:27 [DEBUG] (1) SpaceSandbox::debug_layer: [general] "   Found the following files:"
09:50:27 [DEBUG] (1) SpaceSandbox::debug_layer: [general] "      /usr/share/vulkan/icd.d/nvidia_icd.json"
09:50:27 [DEBUG] (1) SpaceSandbox::debug_layer: [general] "Found ICD manifest file /usr/share/vulkan/icd.d/nvidia_icd.json, version \"1.0.0\""
09:50:27 [DEBUG] (1) SpaceSandbox::debug_layer: [general] "Searching for ICD drivers named libGLX_nvidia.so.0"
09:50:27 [DEBUG] (1) SpaceSandbox::debug_layer: [general] "Build ICD instance extension list"
09:50:27 [DEBUG] (1) SpaceSandbox::debug_layer: [general] "Loading layer library libVkLayer_khronos_validation.so"
09:50:27 [DEBUG] (1) SpaceSandbox::debug_layer: [general] "Insert instance layer VK_LAYER_KHRONOS_validation (libVkLayer_khronos_validation.so)"
09:50:27 [DEBUG] (1) SpaceSandbox::debug_layer: [general] "Build ICD instance extension list"
09:50:27 [DEBUG] (1) SpaceSandbox::debug_layer: [validation] "Validation Information: [ UNASSIGNED-khronos-validation-createinstance-status-message ] Object 0: handle = 0x55fcdccb2990, type = VK_OBJECT_TYPE_INSTANCE; | MessageID = 0xd7fa5f44 | Khronos Validation Layer Active:\n    Settings File: None. Default location is /home/rewin/projects/SpaceSandbox\\vk_layer_settings.txt.\n    Current Enables: None.\n    Current Disables: None.\n"
09:50:27 [DEBUG] (1) SpaceSandbox::debug_layer: [general] "linux_read_sorted_physical_devices:  Original order:"
09:50:27 [DEBUG] (1) SpaceSandbox::debug_layer: [general] "           [0] NVIDIA TITAN Xp"
09:50:27 [DEBUG] (1) SpaceSandbox::debug_layer: [general] "linux_read_sorted_physical_devices:  Order set to:"
09:50:27 [DEBUG] (1) SpaceSandbox::debug_layer: [general] "           [0] NVIDIA TITAN Xp  "
09:50:27 [DEBUG] (1) SpaceSandbox::debug_layer: [general] "linux_read_sorted_physical_devices:  Original order:"
09:50:27 [DEBUG] (1) SpaceSandbox::debug_layer: [general] "           [0] NVIDIA TITAN Xp"
09:50:27 [DEBUG] (1) SpaceSandbox::debug_layer: [general] "linux_read_sorted_physical_devices:  Order set to:"
09:50:27 [DEBUG] (1) SpaceSandbox::debug_layer: [general] "           [0] NVIDIA TITAN Xp  "
09:50:27 [DEBUG] (1) SpaceSandbox::debug_layer: [general] "Copying old device 0 into new device 0"
09:50:27 [DEBUG] (1) SpaceSandbox::debug_layer: [general] "linux_read_sorted_physical_devices:  Original order:"
09:50:27 [DEBUG] (1) SpaceSandbox::debug_layer: [general] "           [0] NVIDIA TITAN Xp"
09:50:27 [DEBUG] (1) SpaceSandbox::debug_layer: [general] "linux_read_sorted_physical_devices:  Order set to:"
09:50:27 [DEBUG] (1) SpaceSandbox::debug_layer: [general] "           [0] NVIDIA TITAN Xp  "
09:50:27 [DEBUG] (1) SpaceSandbox::debug_layer: [general] "Copying old device 0 into new device 0"
09:50:27 [DEBUG] (1) SpaceSandbox::debug_layer: [general] "linux_read_sorted_physical_devices:  Original order:"
09:50:27 [DEBUG] (1) SpaceSandbox::debug_layer: [general] "           [0] NVIDIA TITAN Xp"
09:50:27 [DEBUG] (1) SpaceSandbox::debug_layer: [general] "linux_read_sorted_physical_devices:  Order set to:"
09:50:27 [DEBUG] (1) SpaceSandbox::debug_layer: [general] "           [0] NVIDIA TITAN Xp  "
09:50:27 [DEBUG] (1) SpaceSandbox::debug_layer: [general] "Copying old device 0 into new device 0"
09:50:27 [INFO] Vulkan device: NVIDIA TITAN Xp
09:50:27 [INFO] Selected device: NVIDIA TITAN Xp
09:50:27 [INFO] Found graphic queue!
09:50:27 [INFO] Found transfer queue!
09:50:27 [INFO] Found transfer queue!
09:50:27 [INFO] Found transfer queue!
09:50:27 [DEBUG] (1) SpaceSandbox::debug_layer: [general] "Loading layer library libVkLayer_khronos_validation.so"
09:50:27 [DEBUG] (1) SpaceSandbox::debug_layer: [general] "Inserted device layer VK_LAYER_KHRONOS_validation (libVkLayer_khronos_validation.so)"
09:50:27 [INFO] Creating allocator create info...
09:50:27 [INFO] Creating allocator...
09:50:27 [INFO] Creating swapchain!
09:50:27 [DEBUG] (1) SpaceSandbox::safe_warp::swapchain_safe: SwapchainCreateInfoKHR {
    s_type: SWAPCHAIN_CREATE_INFO_KHR,
    p_next: 0x0000000000000000,
    flags: ,
    surface: 0xfab64d0000000002,
    min_image_count: 3,
    image_format: B8G8R8A8_UNORM,
    image_color_space: SRGB_NONLINEAR,
    image_extent: Extent2D {
        width: 636,
        height: 1040,
    },
    image_array_layers: 1,
    image_usage: COLOR_ATTACHMENT,
    image_sharing_mode: EXCLUSIVE,
    queue_family_index_count: 1,
    p_queue_family_indices: 0x00007ffec81bce74,
    pre_transform: IDENTITY,
    composite_alpha: OPAQUE,
    present_mode: FIFO,
    clipped: 0,
    old_swapchain: 0x0,
}
09:50:27 [INFO] Finished creating GraphicBase
09:50:27 [INFO] Found mesh
09:50:27 [INFO] Found mesh
09:50:27 [INFO] Found mesh
09:50:27 [INFO] Found mesh
09:50:27 [INFO] Found mesh
09:50:27 [INFO] Found mesh
09:50:27 [INFO] Found mesh
09:50:27 [INFO] Found mesh
09:50:27 [INFO] Found mesh
09:50:27 [INFO] Found mesh
09:50:27 [INFO] Found mesh
09:50:27 [INFO] Found mesh
09:50:27 [INFO] Found mesh
09:50:27 [INFO] Found mesh
09:50:27 [INFO] Found mesh
09:50:27 [INFO] Found mesh
09:50:27 [INFO] Found mesh
09:50:27 [INFO] Found mesh
09:50:27 [INFO] Found mesh
09:50:27 [INFO] Found mesh
09:50:27 [INFO] Found mesh
09:50:27 [INFO] Found mesh
09:50:27 [INFO] Found mesh
09:50:27 [INFO] Found mesh
09:50:27 [INFO] Found mesh
09:50:27 [INFO] Found mesh
09:50:27 [INFO] Found mesh
09:50:27 [INFO] Found mesh
09:50:27 [INFO] Found mesh
09:50:27 [INFO] Found mesh
09:50:27 [INFO] Found mesh
09:50:27 [INFO] Found mesh
09:50:27 [INFO] Found mesh
09:50:27 [INFO] Found mesh
09:50:27 [INFO] Found mesh
09:50:27 [INFO] Found mesh
09:50:27 [INFO] Found mesh
09:50:27 [INFO] Found mesh
09:50:27 [INFO] Found mesh
09:50:27 [INFO] Found mesh
09:50:27 [INFO] Found mesh
09:50:27 [INFO] Found mesh
09:50:27 [INFO] Found mesh
09:50:27 [INFO] Found mesh
09:50:27 [INFO] Found mesh
09:50:27 [INFO] Found mesh
09:50:27 [INFO] Found mesh
09:50:27 [INFO] Found mesh
09:50:27 [INFO] Found mesh
09:50:27 [INFO] Found mesh
09:50:27 [INFO] Found mesh
09:50:27 [INFO] Found mesh
09:50:27 [INFO] Found mesh
09:50:27 [INFO] Found mesh
09:50:27 [INFO] Found mesh
09:50:27 [INFO] Found mesh
09:50:27 [INFO] Found mesh
09:50:27 [INFO] Found mesh
09:50:27 [INFO] Found mesh
09:50:27 [INFO] Found mesh
09:50:27 [INFO] Found mesh
09:50:27 [INFO] Found mesh
09:50:27 [INFO] Found mesh
09:50:27 [INFO] Found mesh
09:50:27 [INFO] Found mesh
09:50:27 [INFO] Found mesh
09:50:27 [INFO] Found mesh
09:50:27 [INFO] Found mesh
09:50:27 [INFO] Found mesh
09:50:27 [INFO] Found mesh
09:50:27 [INFO] Found mesh
09:50:27 [INFO] Found mesh
09:50:27 [INFO] Found mesh
09:50:27 [INFO] Found mesh
09:50:27 [INFO] Found mesh
09:50:27 [INFO] Found mesh
09:50:27 [INFO] Found mesh
09:50:27 [INFO] Found mesh
09:50:27 [INFO] Found mesh
09:50:27 [INFO] Found mesh
09:50:27 [INFO] Found mesh
09:50:27 [INFO] Found mesh
09:50:27 [INFO] Found mesh
09:50:27 [INFO] Found mesh
09:50:27 [INFO] Found mesh
09:50:27 [INFO] Found mesh
09:50:27 [INFO] Found mesh
09:50:27 [INFO] Found mesh
09:50:27 [INFO] Found mesh
09:50:27 [INFO] Found mesh
09:50:27 [INFO] Found mesh
09:50:27 [INFO] Found mesh
09:50:27 [INFO] Found mesh
09:50:27 [INFO] Found mesh
09:50:27 [INFO] Found mesh
09:50:27 [INFO] Found mesh
09:50:27 [INFO] Found mesh
09:50:27 [INFO] Found mesh
09:50:27 [INFO] Found mesh
09:50:27 [INFO] Found mesh
09:50:27 [INFO] Found mesh
09:50:27 [INFO] Found mesh
09:50:27 [INFO] Found mesh
09:50:27 [INFO] Destroying grayscale pipeline...
09:50:27 [INFO] Destroy pipeline
09:50:27 [INFO] Destroy RenderPass
09:50:27 [INFO] Destroy buffer
09:50:27 [INFO] Destroy GraphicBase
09:50:27 [INFO] Destroy debug layer
09:50:27 [INFO] Destroying swapchain
09:50:27 [INFO] Destroy device
09:50:27 [INFO] Destroy surface
09:50:27 [INFO] Destroy instance
09:50:27 [DEBUG] (1) SpaceSandbox::debug_layer: [general] "Unloading layer library libVkLayer_khronos_validation.so"
09:50:27 [DEBUG] (1) SpaceSandbox::debug_layer: [general] "vkDestroyInstance: destroying temporary instance debug util messenger"
09:50:27 [INFO] Destroy allocator
